{"level":"info","message":"Info message","timestamp":"20:19:13"}
{"level":"warn","message":"Warning message","timestamp":"20:19:13"}
{"level":"debug","message":"Debugging info","timestamp":"20:19:13"}
{"level":"info","message":"App is running on 5000","timestamp":"20:19:19"}
{"level":"info","message":"Info message","timestamp":"20:32:32"}
{"level":"warn","message":"Warning message","timestamp":"20:32:32"}
{"level":"debug","message":"Debugging info","timestamp":"20:32:32"}
{"level":"info","message":"App is running on 5000","timestamp":"20:32:38"}
{"level":"info","message":"Info message","timestamp":"20:34:39"}
{"level":"warn","message":"Warning message","timestamp":"20:34:39"}
{"level":"debug","message":"Debugging info","timestamp":"20:34:39"}
{"level":"info","message":"App is running on 5000","timestamp":"20:34:44"}
{"level":"info","message":"Info message","timestamp":"20:56:05"}
{"level":"warn","message":"Warning message","timestamp":"20:56:05"}
{"level":"debug","message":"Debugging info","timestamp":"20:56:05"}
{"level":"info","message":"App is running on 5000","timestamp":"20:56:11"}
{"level":"info","message":"Info message","timestamp":"20:57:22"}
{"level":"warn","message":"Warning message","timestamp":"20:57:22"}
{"level":"debug","message":"Debugging info","timestamp":"20:57:22"}
{"level":"info","message":"App is running on 5000","timestamp":"20:57:27"}
{"level":"info","message":"Info message","timestamp":"21:06:31"}
{"level":"warn","message":"Warning message","timestamp":"21:06:31"}
{"level":"debug","message":"Debugging info","timestamp":"21:06:31"}
{"level":"info","message":"App is running on 5000","timestamp":"21:06:37"}
{"level":"info","message":"Info message","timestamp":"21:08:18"}
{"level":"warn","message":"Warning message","timestamp":"21:08:18"}
{"level":"debug","message":"Debugging info","timestamp":"21:08:18"}
{"level":"info","message":"App is running on 5000","timestamp":"21:08:23"}
{"level":"info","message":"Info message","timestamp":"21:11:54"}
{"level":"warn","message":"Warning message","timestamp":"21:11:54"}
{"level":"debug","message":"Debugging info","timestamp":"21:11:54"}
{"level":"info","message":"App is running on 5000","timestamp":"21:11:59"}
{"level":"info","message":"Info message","timestamp":"21:12:40"}
{"level":"warn","message":"Warning message","timestamp":"21:12:40"}
{"level":"debug","message":"Debugging info","timestamp":"21:12:40"}
{"level":"info","message":"App is running on 5000","timestamp":"21:12:48"}
{"level":"info","message":"Info message","timestamp":"21:15:04"}
{"level":"warn","message":"Warning message","timestamp":"21:15:04"}
{"level":"debug","message":"Debugging info","timestamp":"21:15:04"}
{"level":"info","message":"App is running on 5000","timestamp":"21:15:10"}
{"level":"info","message":"Info message","timestamp":"21:15:52"}
{"level":"warn","message":"Warning message","timestamp":"21:15:52"}
{"level":"debug","message":"Debugging info","timestamp":"21:15:52"}
{"level":"info","message":"App is running on 5000","timestamp":"21:15:56"}
{"level":"info","message":"Info message","timestamp":"21:18:28"}
{"level":"warn","message":"Warning message","timestamp":"21:18:28"}
{"level":"debug","message":"Debugging info","timestamp":"21:18:28"}
{"level":"info","message":"App is running on 5000","timestamp":"21:18:33"}
{"level":"info","message":"Info message","timestamp":"21:18:36"}
{"level":"warn","message":"Warning message","timestamp":"21:18:36"}
{"level":"debug","message":"Debugging info","timestamp":"21:18:36"}
{"level":"info","message":"App is running on 5000","timestamp":"21:18:42"}
{"level":"info","message":"Info message","timestamp":"21:18:52"}
{"level":"warn","message":"Warning message","timestamp":"21:18:52"}
{"level":"debug","message":"Debugging info","timestamp":"21:18:52"}
{"level":"info","message":"App is running on 5000","timestamp":"21:18:56"}
{"level":"info","message":"Info message","timestamp":"21:19:02"}
{"level":"warn","message":"Warning message","timestamp":"21:19:02"}
{"level":"debug","message":"Debugging info","timestamp":"21:19:02"}
{"level":"info","message":"App is running on 5000","timestamp":"21:19:03"}
{"level":"info","message":"Info message","timestamp":"21:19:22"}
{"level":"warn","message":"Warning message","timestamp":"21:19:22"}
{"level":"debug","message":"Debugging info","timestamp":"21:19:22"}
{"level":"info","message":"App is running on 5000","timestamp":"21:19:23"}
{"level":"info","message":"Info message","timestamp":"21:19:25"}
{"level":"warn","message":"Warning message","timestamp":"21:19:25"}
{"level":"debug","message":"Debugging info","timestamp":"21:19:25"}
{"level":"info","message":"App is running on 5000","timestamp":"21:19:26"}
{"level":"info","message":"Info message","timestamp":"21:20:31"}
{"level":"warn","message":"Warning message","timestamp":"21:20:31"}
{"level":"debug","message":"Debugging info","timestamp":"21:20:31"}
{"level":"info","message":"App is running on 5000","timestamp":"21:20:32"}
{"level":"info","message":"Info message","timestamp":"21:21:39"}
{"level":"warn","message":"Warning message","timestamp":"21:21:39"}
{"level":"debug","message":"Debugging info","timestamp":"21:21:39"}
{"level":"info","message":"App is running on 5000","timestamp":"21:21:40"}
{"level":"info","message":"Info message","timestamp":"21:21:44"}
{"level":"warn","message":"Warning message","timestamp":"21:21:44"}
{"level":"debug","message":"Debugging info","timestamp":"21:21:44"}
{"level":"info","message":"App is running on 5000","timestamp":"21:21:44"}
{"level":"info","message":"Info message","timestamp":"21:22:47"}
{"level":"warn","message":"Warning message","timestamp":"21:22:47"}
{"level":"debug","message":"Debugging info","timestamp":"21:22:47"}
{"level":"info","message":"App is running on 5000","timestamp":"21:22:48"}
{"level":"info","message":"Info message","timestamp":"21:23:43"}
{"level":"warn","message":"Warning message","timestamp":"21:23:43"}
{"level":"debug","message":"Debugging info","timestamp":"21:23:43"}
{"level":"info","message":"App is running on 5000","timestamp":"21:23:44"}
{"level":"info","message":"Info message","timestamp":"21:23:45"}
{"level":"warn","message":"Warning message","timestamp":"21:23:45"}
{"level":"debug","message":"Debugging info","timestamp":"21:23:45"}
{"level":"info","message":"App is running on 5000","timestamp":"21:23:46"}
{"level":"info","message":"Info message","timestamp":"21:24:12"}
{"level":"warn","message":"Warning message","timestamp":"21:24:12"}
{"level":"debug","message":"Debugging info","timestamp":"21:24:12"}
{"level":"info","message":"App is running on 5000","timestamp":"21:24:13"}
{"level":"info","message":"Info message","timestamp":"21:26:35"}
{"level":"warn","message":"Warning message","timestamp":"21:26:35"}
{"level":"debug","message":"Debugging info","timestamp":"21:26:35"}
{"level":"info","message":"App is running on 5000","timestamp":"21:26:42"}
{"level":"info","message":"Info message","timestamp":"21:26:47"}
{"level":"warn","message":"Warning message","timestamp":"21:26:47"}
{"level":"debug","message":"Debugging info","timestamp":"21:26:47"}
{"level":"info","message":"App is running on 5000","timestamp":"21:26:47"}
{"level":"info","message":"Info message","timestamp":"21:26:50"}
{"level":"warn","message":"Warning message","timestamp":"21:26:50"}
{"level":"debug","message":"Debugging info","timestamp":"21:26:50"}
{"level":"info","message":"App is running on 5000","timestamp":"21:26:50"}
{"level":"info","message":"Info message","timestamp":"21:27:48"}
{"level":"warn","message":"Warning message","timestamp":"21:27:48"}
{"level":"debug","message":"Debugging info","timestamp":"21:27:48"}
{"level":"info","message":"App is running on 5000","timestamp":"21:27:48"}
{"level":"info","message":"Info message","timestamp":"21:30:06"}
{"level":"warn","message":"Warning message","timestamp":"21:30:06"}
{"level":"debug","message":"Debugging info","timestamp":"21:30:06"}
{"level":"info","message":"App is running on 5000","timestamp":"21:30:07"}
{"level":"info","message":"Info message","timestamp":"21:34:10"}
{"level":"warn","message":"Warning message","timestamp":"21:34:10"}
{"level":"debug","message":"Debugging info","timestamp":"21:34:10"}
{"level":"info","message":"App is running on 5000","timestamp":"21:34:13"}
{"level":"info","message":"Info message","timestamp":"21:38:54"}
{"level":"warn","message":"Warning message","timestamp":"21:38:54"}
{"level":"debug","message":"Debugging info","timestamp":"21:38:54"}
{"level":"info","message":"App is running on 5000","timestamp":"21:38:55"}
{"level":"info","message":"Info message","timestamp":"21:39:37"}
{"level":"warn","message":"Warning message","timestamp":"21:39:37"}
{"level":"debug","message":"Debugging info","timestamp":"21:39:37"}
{"level":"info","message":"App is running on 5000","timestamp":"21:39:38"}
{"level":"info","message":"Info message","timestamp":"21:41:40"}
{"level":"warn","message":"Warning message","timestamp":"21:41:40"}
{"level":"debug","message":"Debugging info","timestamp":"21:41:40"}
{"level":"info","message":"App is running on 5000","timestamp":"21:41:44"}
{"level":"info","message":"Info message","timestamp":"21:41:59"}
{"level":"warn","message":"Warning message","timestamp":"21:41:59"}
{"level":"debug","message":"Debugging info","timestamp":"21:41:59"}
{"level":"info","message":"App is running on 5000","timestamp":"21:42:04"}
{"level":"info","message":"Info message","timestamp":"21:43:16"}
{"level":"warn","message":"Warning message","timestamp":"21:43:16"}
{"level":"debug","message":"Debugging info","timestamp":"21:43:16"}
{"level":"info","message":"App is running on 5000","timestamp":"21:43:20"}
{"level":"info","message":"Info message","timestamp":"21:44:24"}
{"level":"warn","message":"Warning message","timestamp":"21:44:24"}
{"level":"debug","message":"Debugging info","timestamp":"21:44:24"}
{"level":"info","message":"App is running on 5000","timestamp":"21:44:28"}
{"level":"info","message":"Info message","timestamp":"21:55:58"}
{"level":"warn","message":"Warning message","timestamp":"21:55:58"}
{"level":"debug","message":"Debugging info","timestamp":"21:55:58"}
{"level":"info","message":"App is running on 5000","timestamp":"21:56:04"}
{"level":"info","message":"Info message","timestamp":"21:57:24"}
{"level":"warn","message":"Warning message","timestamp":"21:57:24"}
{"level":"debug","message":"Debugging info","timestamp":"21:57:24"}
{"level":"info","message":"App is running on 5000","timestamp":"21:57:29"}
{"level":"info","message":"Info message","timestamp":"21:57:45"}
{"level":"warn","message":"Warning message","timestamp":"21:57:45"}
{"level":"debug","message":"Debugging info","timestamp":"21:57:45"}
{"level":"info","message":"App is running on 5000","timestamp":"21:57:51"}
{"level":"info","message":"Info message","timestamp":"21:58:56"}
{"level":"warn","message":"Warning message","timestamp":"21:58:56"}
{"level":"debug","message":"Debugging info","timestamp":"21:58:56"}
{"level":"info","message":"App is running on 5000","timestamp":"21:58:57"}
{"level":"info","message":"Info message","timestamp":"21:59:09"}
{"level":"warn","message":"Warning message","timestamp":"21:59:09"}
{"level":"debug","message":"Debugging info","timestamp":"21:59:09"}
{"level":"info","message":"App is running on 5000","timestamp":"21:59:10"}
{"level":"info","message":"Info message","timestamp":"21:59:22"}
{"level":"warn","message":"Warning message","timestamp":"21:59:22"}
{"level":"debug","message":"Debugging info","timestamp":"21:59:22"}
{"level":"info","message":"App is running on 5000","timestamp":"21:59:23"}
{"level":"info","message":"Info message","timestamp":"22:05:31"}
{"level":"warn","message":"Warning message","timestamp":"22:05:31"}
{"level":"debug","message":"Debugging info","timestamp":"22:05:31"}
{"level":"info","message":"App is running on 5000","timestamp":"22:05:38"}
{"level":"info","message":"Info message","timestamp":"22:05:46"}
{"level":"warn","message":"Warning message","timestamp":"22:05:46"}
{"level":"debug","message":"Debugging info","timestamp":"22:05:46"}
{"level":"info","message":"App is running on 5000","timestamp":"22:05:47"}
{"level":"info","message":"Info message","timestamp":"22:05:55"}
{"level":"warn","message":"Warning message","timestamp":"22:05:55"}
{"level":"debug","message":"Debugging info","timestamp":"22:05:55"}
{"level":"info","message":"App is running on 5000","timestamp":"22:05:55"}
{"level":"info","message":"Info message","timestamp":"22:06:31"}
{"level":"warn","message":"Warning message","timestamp":"22:06:31"}
{"level":"debug","message":"Debugging info","timestamp":"22:06:31"}
{"level":"info","message":"App is running on 5000","timestamp":"22:06:32"}
{"level":"info","message":"Info message","timestamp":"22:06:39"}
{"level":"warn","message":"Warning message","timestamp":"22:06:39"}
{"level":"debug","message":"Debugging info","timestamp":"22:06:39"}
{"level":"info","message":"App is running on 5000","timestamp":"22:06:40"}
{"level":"info","message":"Info message","timestamp":"22:07:03"}
{"level":"warn","message":"Warning message","timestamp":"22:07:03"}
{"level":"debug","message":"Debugging info","timestamp":"22:07:03"}
{"level":"info","message":"App is running on 5000","timestamp":"22:07:04"}
{"level":"info","message":"Info message","timestamp":"22:14:49"}
{"level":"warn","message":"Warning message","timestamp":"22:14:49"}
{"level":"debug","message":"Debugging info","timestamp":"22:14:49"}
{"level":"info","message":"App is running on 5000","timestamp":"22:14:55"}
{"level":"info","message":"Info message","timestamp":"22:15:01"}
{"level":"warn","message":"Warning message","timestamp":"22:15:01"}
{"level":"debug","message":"Debugging info","timestamp":"22:15:01"}
{"level":"info","message":"App is running on 5000","timestamp":"22:15:02"}
{"level":"info","message":"Info message","timestamp":"22:15:27"}
{"level":"warn","message":"Warning message","timestamp":"22:15:27"}
{"level":"debug","message":"Debugging info","timestamp":"22:15:27"}
{"level":"info","message":"App is running on 5000","timestamp":"22:15:31"}
{"level":"info","message":"Info message","timestamp":"22:15:44"}
{"level":"warn","message":"Warning message","timestamp":"22:15:44"}
{"level":"debug","message":"Debugging info","timestamp":"22:15:44"}
{"level":"info","message":"App is running on 5000","timestamp":"22:15:44"}
{"level":"info","message":"Info message","timestamp":"22:16:08"}
{"level":"warn","message":"Warning message","timestamp":"22:16:08"}
{"level":"debug","message":"Debugging info","timestamp":"22:16:08"}
{"level":"info","message":"App is running on 5000","timestamp":"22:16:08"}
{"level":"info","message":"Info message","timestamp":"22:16:26"}
{"level":"warn","message":"Warning message","timestamp":"22:16:26"}
{"level":"debug","message":"Debugging info","timestamp":"22:16:26"}
{"level":"info","message":"App is running on 5000","timestamp":"22:16:27"}
{"level":"info","message":"Info message","timestamp":"22:19:17"}
{"level":"warn","message":"Warning message","timestamp":"22:19:17"}
{"level":"debug","message":"Debugging info","timestamp":"22:19:17"}
{"level":"info","message":"App is running on 5000","timestamp":"22:19:22"}
{"level":"info","message":"Info message","timestamp":"22:21:31"}
{"level":"warn","message":"Warning message","timestamp":"22:21:31"}
{"level":"debug","message":"Debugging info","timestamp":"22:21:31"}
{"level":"info","message":"App is running on 5000","timestamp":"22:21:39"}
{"level":"info","message":"Info message","timestamp":"22:22:03"}
{"level":"warn","message":"Warning message","timestamp":"22:22:03"}
{"level":"debug","message":"Debugging info","timestamp":"22:22:03"}
{"level":"info","message":"App is running on 5000","timestamp":"22:22:04"}
{"level":"info","message":"Info message","timestamp":"22:23:38"}
{"level":"warn","message":"Warning message","timestamp":"22:23:38"}
{"level":"debug","message":"Debugging info","timestamp":"22:23:38"}
{"level":"info","message":"App is running on 5000","timestamp":"22:23:38"}
{"level":"info","message":"Info message","timestamp":"22:23:45"}
{"level":"warn","message":"Warning message","timestamp":"22:23:45"}
{"level":"debug","message":"Debugging info","timestamp":"22:23:45"}
{"level":"info","message":"App is running on 5000","timestamp":"22:23:46"}
{"level":"info","message":"Info message","timestamp":"22:24:45"}
{"level":"warn","message":"Warning message","timestamp":"22:24:45"}
{"level":"debug","message":"Debugging info","timestamp":"22:24:45"}
{"level":"info","message":"App is running on 5000","timestamp":"22:24:46"}
{"level":"info","message":"Info message","timestamp":"22:25:07"}
{"level":"warn","message":"Warning message","timestamp":"22:25:07"}
{"level":"debug","message":"Debugging info","timestamp":"22:25:07"}
{"level":"info","message":"App is running on 5000","timestamp":"22:25:07"}
{"level":"info","message":"Info message","timestamp":"22:25:18"}
{"level":"warn","message":"Warning message","timestamp":"22:25:18"}
{"level":"debug","message":"Debugging info","timestamp":"22:25:18"}
{"level":"info","message":"App is running on 5000","timestamp":"22:25:19"}
{"level":"info","message":"Info message","timestamp":"22:25:24"}
{"level":"warn","message":"Warning message","timestamp":"22:25:24"}
{"level":"debug","message":"Debugging info","timestamp":"22:25:24"}
{"level":"info","message":"App is running on 5000","timestamp":"22:25:25"}
{"level":"info","message":"Info message","timestamp":"22:26:07"}
{"level":"warn","message":"Warning message","timestamp":"22:26:07"}
{"level":"debug","message":"Debugging info","timestamp":"22:26:07"}
{"level":"info","message":"App is running on 5000","timestamp":"22:26:08"}
{"level":"info","message":"Info message","timestamp":"22:26:13"}
{"level":"warn","message":"Warning message","timestamp":"22:26:13"}
{"level":"debug","message":"Debugging info","timestamp":"22:26:13"}
{"level":"info","message":"App is running on 5000","timestamp":"22:26:13"}
{"level":"info","message":"Info message","timestamp":"22:26:37"}
{"level":"warn","message":"Warning message","timestamp":"22:26:37"}
{"level":"debug","message":"Debugging info","timestamp":"22:26:37"}
{"level":"info","message":"App is running on 5000","timestamp":"22:26:38"}
{"level":"info","message":"Info message","timestamp":"22:26:59"}
{"level":"warn","message":"Warning message","timestamp":"22:26:59"}
{"level":"debug","message":"Debugging info","timestamp":"22:26:59"}
{"level":"info","message":"App is running on 5000","timestamp":"22:27:00"}
{"level":"info","message":"Info message","timestamp":"22:27:02"}
{"level":"warn","message":"Warning message","timestamp":"22:27:02"}
{"level":"debug","message":"Debugging info","timestamp":"22:27:02"}
{"level":"info","message":"App is running on 5000","timestamp":"22:27:03"}
{"level":"info","message":"Info message","timestamp":"22:27:24"}
{"level":"warn","message":"Warning message","timestamp":"22:27:24"}
{"level":"debug","message":"Debugging info","timestamp":"22:27:24"}
{"level":"info","message":"App is running on 5000","timestamp":"22:27:29"}
{"level":"info","message":"Info message","timestamp":"22:27:41"}
{"level":"warn","message":"Warning message","timestamp":"22:27:41"}
{"level":"debug","message":"Debugging info","timestamp":"22:27:41"}
{"level":"info","message":"App is running on 5000","timestamp":"22:27:45"}
{"level":"info","message":"Info message","timestamp":"22:28:44"}
{"level":"warn","message":"Warning message","timestamp":"22:28:44"}
{"level":"debug","message":"Debugging info","timestamp":"22:28:44"}
{"level":"info","message":"App is running on 5000","timestamp":"22:28:49"}
{"level":"info","message":"Info message","timestamp":"22:28:50"}
{"level":"warn","message":"Warning message","timestamp":"22:28:50"}
{"level":"debug","message":"Debugging info","timestamp":"22:28:50"}
{"level":"info","message":"App is running on 5000","timestamp":"22:28:51"}
{"level":"info","message":"Info message","timestamp":"22:28:55"}
{"level":"warn","message":"Warning message","timestamp":"22:28:55"}
{"level":"debug","message":"Debugging info","timestamp":"22:28:55"}
{"level":"info","message":"App is running on 5000","timestamp":"22:28:55"}
{"level":"info","message":"Info message","timestamp":"22:29:07"}
{"level":"warn","message":"Warning message","timestamp":"22:29:07"}
{"level":"debug","message":"Debugging info","timestamp":"22:29:07"}
{"level":"info","message":"App is running on 5000","timestamp":"22:29:09"}
{"level":"info","message":"Info message","timestamp":"22:29:37"}
{"level":"warn","message":"Warning message","timestamp":"22:29:37"}
{"level":"debug","message":"Debugging info","timestamp":"22:29:37"}
{"level":"info","message":"App is running on 5000","timestamp":"22:29:37"}
{"level":"info","message":"Info message","timestamp":"22:29:48"}
{"level":"warn","message":"Warning message","timestamp":"22:29:48"}
{"level":"debug","message":"Debugging info","timestamp":"22:29:48"}
{"level":"info","message":"App is running on 5000","timestamp":"22:29:49"}
{"level":"info","message":"Info message","timestamp":"22:36:13"}
{"level":"warn","message":"Warning message","timestamp":"22:36:13"}
{"level":"debug","message":"Debugging info","timestamp":"22:36:13"}
{"level":"info","message":"App is running on 5000","timestamp":"22:36:17"}
{"level":"info","message":"Info message","timestamp":"22:41:17"}
{"level":"warn","message":"Warning message","timestamp":"22:41:17"}
{"level":"debug","message":"Debugging info","timestamp":"22:41:17"}
{"level":"info","message":"App is running on 5000","timestamp":"22:41:24"}
{"level":"info","message":"Info message","timestamp":"22:42:37"}
{"level":"warn","message":"Warning message","timestamp":"22:42:37"}
{"level":"debug","message":"Debugging info","timestamp":"22:42:37"}
{"level":"info","message":"App is running on 5000","timestamp":"22:42:37"}
{"level":"info","message":"Info message","timestamp":"22:42:55"}
{"level":"warn","message":"Warning message","timestamp":"22:42:55"}
{"level":"debug","message":"Debugging info","timestamp":"22:42:55"}
{"level":"info","message":"App is running on 5000","timestamp":"22:42:55"}
{"level":"info","message":"Info message","timestamp":"22:43:07"}
{"level":"warn","message":"Warning message","timestamp":"22:43:07"}
{"level":"debug","message":"Debugging info","timestamp":"22:43:07"}
{"level":"info","message":"App is running on 5000","timestamp":"22:43:07"}
{"level":"info","message":"Info message","timestamp":"22:43:22"}
{"level":"warn","message":"Warning message","timestamp":"22:43:22"}
{"level":"debug","message":"Debugging info","timestamp":"22:43:22"}
{"level":"info","message":"App is running on 5000","timestamp":"22:43:23"}
{"level":"info","message":"Info message","timestamp":"22:44:40"}
{"level":"warn","message":"Warning message","timestamp":"22:44:40"}
{"level":"debug","message":"Debugging info","timestamp":"22:44:40"}
{"level":"info","message":"App is running on 5000","timestamp":"22:44:41"}
{"level":"info","message":"Info message","timestamp":"22:45:16"}
{"level":"warn","message":"Warning message","timestamp":"22:45:16"}
{"level":"debug","message":"Debugging info","timestamp":"22:45:16"}
{"level":"info","message":"App is running on 5000","timestamp":"22:45:16"}
{"level":"info","message":"Info message","timestamp":"22:45:43"}
{"level":"warn","message":"Warning message","timestamp":"22:45:43"}
{"level":"debug","message":"Debugging info","timestamp":"22:45:43"}
{"level":"info","message":"App is running on 5000","timestamp":"22:45:44"}
{"level":"info","message":"Info message","timestamp":"22:50:44"}
{"level":"warn","message":"Warning message","timestamp":"22:50:44"}
{"level":"debug","message":"Debugging info","timestamp":"22:50:44"}
{"level":"info","message":"App is running on 5000","timestamp":"22:50:48"}
{"level":"info","message":"Info message","timestamp":"22:51:09"}
{"level":"warn","message":"Warning message","timestamp":"22:51:09"}
{"level":"debug","message":"Debugging info","timestamp":"22:51:09"}
{"level":"info","message":"App is running on 5000","timestamp":"22:51:10"}
{"level":"info","message":"Info message","timestamp":"22:51:26"}
{"level":"warn","message":"Warning message","timestamp":"22:51:26"}
{"level":"debug","message":"Debugging info","timestamp":"22:51:26"}
{"level":"info","message":"App is running on 5000","timestamp":"22:51:27"}
{"level":"info","message":"Info message","timestamp":"22:51:38"}
{"level":"warn","message":"Warning message","timestamp":"22:51:38"}
{"level":"debug","message":"Debugging info","timestamp":"22:51:38"}
{"level":"info","message":"App is running on 5000","timestamp":"22:51:39"}
{"level":"info","message":"Info message","timestamp":"22:52:56"}
{"level":"warn","message":"Warning message","timestamp":"22:52:56"}
{"level":"debug","message":"Debugging info","timestamp":"22:52:56"}
{"level":"info","message":"App is running on 5000","timestamp":"22:52:57"}
{"level":"info","message":"Info message","timestamp":"22:53:21"}
{"level":"warn","message":"Warning message","timestamp":"22:53:21"}
{"level":"debug","message":"Debugging info","timestamp":"22:53:21"}
{"level":"info","message":"App is running on 5000","timestamp":"22:53:21"}
{"level":"info","message":"Info message","timestamp":"22:53:53"}
{"level":"warn","message":"Warning message","timestamp":"22:53:53"}
{"level":"debug","message":"Debugging info","timestamp":"22:53:53"}
{"level":"info","message":"App is running on 5000","timestamp":"22:53:54"}
{"level":"info","message":"Info message","timestamp":"22:54:23"}
{"level":"warn","message":"Warning message","timestamp":"22:54:23"}
{"level":"debug","message":"Debugging info","timestamp":"22:54:23"}
{"level":"info","message":"App is running on 5000","timestamp":"22:54:24"}
{"level":"info","message":"Info message","timestamp":"23:04:43"}
{"level":"warn","message":"Warning message","timestamp":"23:04:43"}
{"level":"debug","message":"Debugging info","timestamp":"23:04:43"}
{"level":"info","message":"App is running on 5000","timestamp":"23:04:48"}
{"level":"info","message":"Info message","timestamp":"23:11:26"}
{"level":"warn","message":"Warning message","timestamp":"23:11:26"}
{"level":"debug","message":"Debugging info","timestamp":"23:11:26"}
{"level":"info","message":"App is running on 5000","timestamp":"23:11:32"}
{"level":"info","message":"Info message","timestamp":"23:12:46"}
{"level":"warn","message":"Warning message","timestamp":"23:12:46"}
{"level":"debug","message":"Debugging info","timestamp":"23:12:46"}
{"level":"info","message":"App is running on 5000","timestamp":"23:12:47"}
{"level":"info","message":"Info message","timestamp":"23:13:30"}
{"level":"warn","message":"Warning message","timestamp":"23:13:30"}
{"level":"debug","message":"Debugging info","timestamp":"23:13:30"}
{"level":"info","message":"App is running on 5000","timestamp":"23:13:31"}
{"level":"info","message":"Info message","timestamp":"23:24:33"}
{"level":"warn","message":"Warning message","timestamp":"23:24:33"}
{"level":"debug","message":"Debugging info","timestamp":"23:24:33"}
{"level":"info","message":"App is running on 5000","timestamp":"23:24:40"}
{"level":"info","message":"Info message","timestamp":"23:35:43"}
{"level":"warn","message":"Warning message","timestamp":"23:35:43"}
{"level":"debug","message":"Debugging info","timestamp":"23:35:43"}
{"level":"info","message":"App is running on 5000","timestamp":"23:35:48"}
{"level":"info","message":"Info message","timestamp":"23:35:49"}
{"level":"warn","message":"Warning message","timestamp":"23:35:49"}
{"level":"debug","message":"Debugging info","timestamp":"23:35:49"}
{"level":"info","message":"App is running on 5000","timestamp":"23:35:50"}
{"level":"info","message":"Info message","timestamp":"23:36:39"}
{"level":"warn","message":"Warning message","timestamp":"23:36:39"}
{"level":"debug","message":"Debugging info","timestamp":"23:36:39"}
{"level":"info","message":"App is running on 5000","timestamp":"23:36:40"}
{"level":"info","message":"Info message","timestamp":"23:37:13"}
{"level":"warn","message":"Warning message","timestamp":"23:37:13"}
{"level":"debug","message":"Debugging info","timestamp":"23:37:13"}
{"level":"info","message":"App is running on 5000","timestamp":"23:37:14"}
{"level":"info","message":"Info message","timestamp":"23:39:21"}
{"level":"warn","message":"Warning message","timestamp":"23:39:21"}
{"level":"debug","message":"Debugging info","timestamp":"23:39:21"}
{"level":"info","message":"App is running on 5000","timestamp":"23:39:21"}
{"level":"info","message":"Info message","timestamp":"23:41:00"}
{"level":"warn","message":"Warning message","timestamp":"23:41:00"}
{"level":"debug","message":"Debugging info","timestamp":"23:41:00"}
{"level":"info","message":"App is running on 5000","timestamp":"23:41:00"}
{"level":"info","message":"Info message","timestamp":"23:41:48"}
{"level":"warn","message":"Warning message","timestamp":"23:41:48"}
{"level":"debug","message":"Debugging info","timestamp":"23:41:48"}
{"level":"info","message":"App is running on 5000","timestamp":"23:41:49"}
{"level":"info","message":"Info message","timestamp":"23:42:59"}
{"level":"warn","message":"Warning message","timestamp":"23:42:59"}
{"level":"debug","message":"Debugging info","timestamp":"23:42:59"}
{"level":"info","message":"App is running on 5000","timestamp":"23:42:59"}
{"level":"info","message":"Info message","timestamp":"23:43:30"}
{"level":"warn","message":"Warning message","timestamp":"23:43:30"}
{"level":"debug","message":"Debugging info","timestamp":"23:43:30"}
{"level":"info","message":"App is running on 5000","timestamp":"23:43:30"}
{"level":"info","message":"Info message","timestamp":"23:46:22"}
{"level":"warn","message":"Warning message","timestamp":"23:46:22"}
{"level":"debug","message":"Debugging info","timestamp":"23:46:22"}
{"level":"info","message":"App is running on 5000","timestamp":"23:46:22"}
{"level":"info","message":"Info message","timestamp":"23:46:33"}
{"level":"warn","message":"Warning message","timestamp":"23:46:33"}
{"level":"debug","message":"Debugging info","timestamp":"23:46:33"}
{"level":"info","message":"App is running on 5000","timestamp":"23:46:34"}
{"level":"info","message":"Info message","timestamp":"23:47:47"}
{"level":"warn","message":"Warning message","timestamp":"23:47:47"}
{"level":"debug","message":"Debugging info","timestamp":"23:47:47"}
{"level":"info","message":"App is running on 5000","timestamp":"23:47:52"}
{"level":"info","message":"Info message","timestamp":"23:52:20"}
{"level":"warn","message":"Warning message","timestamp":"23:52:20"}
{"level":"debug","message":"Debugging info","timestamp":"23:52:20"}
{"level":"info","message":"App is running on 5000","timestamp":"23:52:23"}
{"level":"info","message":"Info message","timestamp":"23:52:31"}
{"level":"warn","message":"Warning message","timestamp":"23:52:31"}
{"level":"debug","message":"Debugging info","timestamp":"23:52:31"}
{"level":"info","message":"App is running on 5000","timestamp":"23:52:32"}
{"level":"info","message":"Info message","timestamp":"23:55:12"}
{"level":"warn","message":"Warning message","timestamp":"23:55:12"}
{"level":"debug","message":"Debugging info","timestamp":"23:55:12"}
{"level":"info","message":"App is running on 5000","timestamp":"23:55:14"}
{"level":"info","message":"Info message","timestamp":"23:55:22"}
{"level":"warn","message":"Warning message","timestamp":"23:55:22"}
{"level":"debug","message":"Debugging info","timestamp":"23:55:22"}
{"level":"info","message":"App is running on 5000","timestamp":"23:55:23"}
{"level":"info","message":"Info message","timestamp":"23:57:24"}
{"level":"warn","message":"Warning message","timestamp":"23:57:24"}
{"level":"debug","message":"Debugging info","timestamp":"23:57:24"}
{"level":"info","message":"App is running on 5000","timestamp":"23:57:28"}
{"level":"info","message":"Info message","timestamp":"00:02:42"}
{"level":"warn","message":"Warning message","timestamp":"00:02:42"}
{"level":"debug","message":"Debugging info","timestamp":"00:02:42"}
{"level":"info","message":"App is running on 5000","timestamp":"00:02:50"}
{"level":"info","message":"Info message","timestamp":"00:07:11"}
{"level":"warn","message":"Warning message","timestamp":"00:07:11"}
{"level":"debug","message":"Debugging info","timestamp":"00:07:11"}
{"level":"info","message":"App is running on 5000","timestamp":"00:07:15"}
{"level":"info","message":"Info message","timestamp":"10:11:05"}
{"level":"warn","message":"Warning message","timestamp":"10:11:05"}
{"level":"debug","message":"Debugging info","timestamp":"10:11:05"}
{"level":"info","message":"App is running on 5000","timestamp":"10:11:10"}
{"level":"info","message":"Info message","timestamp":"10:12:37"}
{"level":"warn","message":"Warning message","timestamp":"10:12:37"}
{"level":"debug","message":"Debugging info","timestamp":"10:12:37"}
{"level":"info","message":"App is running on 5000","timestamp":"10:12:41"}
{"level":"info","message":"Info message","timestamp":"10:13:13"}
{"level":"warn","message":"Warning message","timestamp":"10:13:13"}
{"level":"debug","message":"Debugging info","timestamp":"10:13:13"}
{"level":"info","message":"App is running on 5000","timestamp":"10:13:18"}
{"level":"info","message":"Info message","timestamp":"10:19:25"}
{"level":"warn","message":"Warning message","timestamp":"10:19:25"}
{"level":"debug","message":"Debugging info","timestamp":"10:19:25"}
{"level":"info","message":"App is running on 5000","timestamp":"10:19:30"}
{"level":"info","message":"Info message","timestamp":"10:20:08"}
{"level":"warn","message":"Warning message","timestamp":"10:20:08"}
{"level":"debug","message":"Debugging info","timestamp":"10:20:08"}
{"level":"info","message":"App is running on 5000","timestamp":"10:20:11"}
{"level":"info","message":"Info message","timestamp":"10:20:26"}
{"level":"warn","message":"Warning message","timestamp":"10:20:26"}
{"level":"debug","message":"Debugging info","timestamp":"10:20:26"}
{"level":"info","message":"App is running on 5000","timestamp":"10:20:33"}
{"level":"info","message":"Info message","timestamp":"10:22:25"}
{"level":"warn","message":"Warning message","timestamp":"10:22:25"}
{"level":"debug","message":"Debugging info","timestamp":"10:22:25"}
{"level":"info","message":"App is running on 5000","timestamp":"10:22:32"}
{"level":"info","message":"Info message","timestamp":"10:22:35"}
{"level":"warn","message":"Warning message","timestamp":"10:22:35"}
{"level":"debug","message":"Debugging info","timestamp":"10:22:35"}
{"level":"info","message":"App is running on 5000","timestamp":"10:22:37"}
{"level":"info","message":"Info message","timestamp":"10:23:13"}
{"level":"warn","message":"Warning message","timestamp":"10:23:13"}
{"level":"debug","message":"Debugging info","timestamp":"10:23:13"}
{"level":"info","message":"App is running on 5000","timestamp":"10:23:16"}
{"level":"info","message":"Info message","timestamp":"10:24:01"}
{"level":"warn","message":"Warning message","timestamp":"10:24:01"}
{"level":"debug","message":"Debugging info","timestamp":"10:24:01"}
{"level":"info","message":"App is running on 5000","timestamp":"10:24:02"}
{"level":"info","message":"Info message","timestamp":"10:25:00"}
{"level":"warn","message":"Warning message","timestamp":"10:25:00"}
{"level":"debug","message":"Debugging info","timestamp":"10:25:00"}
{"level":"info","message":"App is running on 5000","timestamp":"10:25:01"}
{"level":"info","message":"Info message","timestamp":"10:33:12"}
{"level":"warn","message":"Warning message","timestamp":"10:33:12"}
{"level":"debug","message":"Debugging info","timestamp":"10:33:12"}
{"level":"info","message":"App is running on 5000","timestamp":"10:33:12"}
{"level":"info","message":"Info message","timestamp":"10:34:23"}
{"level":"warn","message":"Warning message","timestamp":"10:34:23"}
{"level":"debug","message":"Debugging info","timestamp":"10:34:23"}
{"level":"info","message":"App is running on 5000","timestamp":"10:34:27"}
{"level":"info","message":"Info message","timestamp":"10:36:24"}
{"level":"warn","message":"Warning message","timestamp":"10:36:24"}
{"level":"debug","message":"Debugging info","timestamp":"10:36:24"}
{"level":"info","message":"App is running on 5000","timestamp":"10:36:28"}
{"level":"info","message":"Info message","timestamp":"10:36:33"}
{"level":"warn","message":"Warning message","timestamp":"10:36:33"}
{"level":"debug","message":"Debugging info","timestamp":"10:36:33"}
{"level":"info","message":"App is running on 5000","timestamp":"10:36:34"}
{"level":"info","message":"Info message","timestamp":"10:37:30"}
{"level":"warn","message":"Warning message","timestamp":"10:37:30"}
{"level":"debug","message":"Debugging info","timestamp":"10:37:30"}
{"level":"info","message":"App is running on 5000","timestamp":"10:37:30"}
{"level":"info","message":"Info message","timestamp":"10:38:34"}
{"level":"warn","message":"Warning message","timestamp":"10:38:34"}
{"level":"debug","message":"Debugging info","timestamp":"10:38:34"}
{"level":"info","message":"App is running on 5000","timestamp":"10:38:35"}
{"level":"info","message":"Info message","timestamp":"16:27:40"}
{"level":"warn","message":"Warning message","timestamp":"16:27:40"}
{"level":"debug","message":"Debugging info","timestamp":"16:27:40"}
{"level":"info","message":"App is running on 5000","timestamp":"16:27:45"}
{"level":"info","message":"Info message","timestamp":"16:33:10"}
{"level":"warn","message":"Warning message","timestamp":"16:33:10"}
{"level":"debug","message":"Debugging info","timestamp":"16:33:10"}
{"level":"info","message":"App is running on 5000","timestamp":"16:33:17"}
{"level":"info","message":"Info message","timestamp":"16:35:02"}
{"level":"warn","message":"Warning message","timestamp":"16:35:02"}
{"level":"debug","message":"Debugging info","timestamp":"16:35:02"}
{"level":"info","message":"App is running on 5000","timestamp":"16:35:09"}
{"level":"info","message":"Info message","timestamp":"16:35:49"}
{"level":"warn","message":"Warning message","timestamp":"16:35:49"}
{"level":"debug","message":"Debugging info","timestamp":"16:35:49"}
{"level":"info","message":"App is running on 5000","timestamp":"16:35:55"}
{"level":"info","message":"Info message","timestamp":"16:36:12"}
{"level":"warn","message":"Warning message","timestamp":"16:36:12"}
{"level":"debug","message":"Debugging info","timestamp":"16:36:12"}
{"level":"info","message":"App is running on 5000","timestamp":"16:36:16"}
{"level":"info","message":"Info message","timestamp":"16:36:24"}
{"level":"warn","message":"Warning message","timestamp":"16:36:24"}
{"level":"debug","message":"Debugging info","timestamp":"16:36:24"}
{"level":"info","message":"App is running on 5000","timestamp":"16:36:30"}
{"level":"info","message":"Info message","timestamp":"16:38:49"}
{"level":"warn","message":"Warning message","timestamp":"16:38:49"}
{"level":"debug","message":"Debugging info","timestamp":"16:38:49"}
{"level":"info","message":"App is running on 5000","timestamp":"16:38:54"}
{"level":"info","message":"Info message","timestamp":"16:39:06"}
{"level":"warn","message":"Warning message","timestamp":"16:39:06"}
{"level":"debug","message":"Debugging info","timestamp":"16:39:06"}
{"level":"info","message":"App is running on 5000","timestamp":"16:39:12"}
{"level":"info","message":"Info message","timestamp":"16:39:57"}
{"level":"warn","message":"Warning message","timestamp":"16:39:57"}
{"level":"debug","message":"Debugging info","timestamp":"16:39:57"}
{"level":"info","message":"App is running on 5000","timestamp":"16:40:05"}
{"level":"info","message":"Info message","timestamp":"16:41:18"}
{"level":"warn","message":"Warning message","timestamp":"16:41:18"}
{"level":"debug","message":"Debugging info","timestamp":"16:41:18"}
{"level":"info","message":"App is running on 5000","timestamp":"16:41:22"}
{"level":"info","message":"Info message","timestamp":"16:41:26"}
{"level":"warn","message":"Warning message","timestamp":"16:41:26"}
{"level":"debug","message":"Debugging info","timestamp":"16:41:26"}
{"level":"info","message":"App is running on 5000","timestamp":"16:41:27"}
{"level":"info","message":"Info message","timestamp":"16:43:13"}
{"level":"warn","message":"Warning message","timestamp":"16:43:13"}
{"level":"debug","message":"Debugging info","timestamp":"16:43:13"}
{"level":"info","message":"App is running on 5000","timestamp":"16:43:18"}
{"level":"info","message":"Info message","timestamp":"16:43:38"}
{"level":"warn","message":"Warning message","timestamp":"16:43:38"}
{"level":"debug","message":"Debugging info","timestamp":"16:43:38"}
{"level":"info","message":"App is running on 5000","timestamp":"16:43:39"}
{"level":"info","message":"Info message","timestamp":"16:44:19"}
{"level":"warn","message":"Warning message","timestamp":"16:44:19"}
{"level":"debug","message":"Debugging info","timestamp":"16:44:19"}
{"level":"info","message":"App is running on 5000","timestamp":"16:44:20"}
{"level":"info","message":"Info message","timestamp":"16:44:43"}
{"level":"warn","message":"Warning message","timestamp":"16:44:43"}
{"level":"debug","message":"Debugging info","timestamp":"16:44:43"}
{"level":"info","message":"App is running on 5000","timestamp":"16:44:44"}
{"level":"info","message":"Info message","timestamp":"16:45:43"}
{"level":"warn","message":"Warning message","timestamp":"16:45:43"}
{"level":"debug","message":"Debugging info","timestamp":"16:45:43"}
{"level":"info","message":"App is running on 5000","timestamp":"16:45:44"}
{"level":"info","message":"Info message","timestamp":"16:46:10"}
{"level":"warn","message":"Warning message","timestamp":"16:46:10"}
{"level":"debug","message":"Debugging info","timestamp":"16:46:10"}
{"level":"info","message":"App is running on 5000","timestamp":"16:46:10"}
{"level":"info","message":"Info message","timestamp":"16:46:13"}
{"level":"warn","message":"Warning message","timestamp":"16:46:13"}
{"level":"debug","message":"Debugging info","timestamp":"16:46:13"}
{"level":"info","message":"App is running on 5000","timestamp":"16:46:14"}
{"level":"info","message":"Info message","timestamp":"16:46:21"}
{"level":"warn","message":"Warning message","timestamp":"16:46:21"}
{"level":"debug","message":"Debugging info","timestamp":"16:46:21"}
{"level":"info","message":"App is running on 5000","timestamp":"16:46:22"}
{"level":"info","message":"Info message","timestamp":"16:46:55"}
{"level":"warn","message":"Warning message","timestamp":"16:46:55"}
{"level":"debug","message":"Debugging info","timestamp":"16:46:55"}
{"level":"info","message":"App is running on 5000","timestamp":"16:46:57"}
{"level":"info","message":"Info message","timestamp":"16:47:23"}
{"level":"warn","message":"Warning message","timestamp":"16:47:23"}
{"level":"debug","message":"Debugging info","timestamp":"16:47:23"}
{"level":"info","message":"App is running on 5000","timestamp":"16:47:25"}
{"level":"info","message":"Info message","timestamp":"16:47:30"}
{"level":"warn","message":"Warning message","timestamp":"16:47:30"}
{"level":"debug","message":"Debugging info","timestamp":"16:47:30"}
{"level":"info","message":"App is running on 5000","timestamp":"16:47:31"}
{"level":"info","message":"Info message","timestamp":"16:48:04"}
{"level":"warn","message":"Warning message","timestamp":"16:48:04"}
{"level":"debug","message":"Debugging info","timestamp":"16:48:04"}
{"level":"info","message":"App is running on 5000","timestamp":"16:48:05"}
{"level":"info","message":"Info message","timestamp":"16:49:06"}
{"level":"warn","message":"Warning message","timestamp":"16:49:06"}
{"level":"debug","message":"Debugging info","timestamp":"16:49:06"}
{"level":"info","message":"App is running on 5000","timestamp":"16:49:13"}
{"level":"info","message":"Info message","timestamp":"16:49:28"}
{"level":"warn","message":"Warning message","timestamp":"16:49:28"}
{"level":"debug","message":"Debugging info","timestamp":"16:49:28"}
{"level":"info","message":"App is running on 5000","timestamp":"16:49:30"}
{"level":"info","message":"Info message","timestamp":"16:51:03"}
{"level":"warn","message":"Warning message","timestamp":"16:51:03"}
{"level":"debug","message":"Debugging info","timestamp":"16:51:03"}
{"level":"info","message":"App is running on 5000","timestamp":"16:51:10"}
{"level":"info","message":"Info message","timestamp":"16:52:07"}
{"level":"warn","message":"Warning message","timestamp":"16:52:07"}
{"level":"debug","message":"Debugging info","timestamp":"16:52:07"}
{"level":"info","message":"App is running on 5000","timestamp":"16:52:10"}
{"level":"info","message":"Info message","timestamp":"16:53:23"}
{"level":"warn","message":"Warning message","timestamp":"16:53:23"}
{"level":"debug","message":"Debugging info","timestamp":"16:53:23"}
{"level":"info","message":"App is running on 5000","timestamp":"16:53:24"}
{"level":"error","message":"User already exists","timestamp":"16:53:27"}
{"level":"info","message":"Info message","timestamp":"16:53:53"}
{"level":"warn","message":"Warning message","timestamp":"16:53:53"}
{"level":"debug","message":"Debugging info","timestamp":"16:53:53"}
{"level":"info","message":"App is running on 5000","timestamp":"16:53:53"}
{"level":"error","message":"User already exists","timestamp":"16:53:58"}
{"level":"info","message":"Info message","timestamp":"16:54:38"}
{"level":"warn","message":"Warning message","timestamp":"16:54:38"}
{"level":"debug","message":"Debugging info","timestamp":"16:54:38"}
{"level":"info","message":"App is running on 5000","timestamp":"16:54:39"}
{"level":"error","message":"User already exists","timestamp":"16:54:43"}
{"level":"error","message":"User already exists","timestamp":"16:55:04"}
{"level":"error","message":"User already exists","timestamp":"16:55:07"}
{"level":"info","message":"Info message","timestamp":"16:55:20"}
{"level":"warn","message":"Warning message","timestamp":"16:55:20"}
{"level":"debug","message":"Debugging info","timestamp":"16:55:20"}
{"level":"info","message":"App is running on 5000","timestamp":"16:55:25"}
{"level":"error","message":"User already exists","timestamp":"16:55:30"}
{"level":"info","message":"Info message","timestamp":"16:56:44"}
{"level":"warn","message":"Warning message","timestamp":"16:56:44"}
{"level":"debug","message":"Debugging info","timestamp":"16:56:44"}
{"level":"info","message":"App is running on 5000","timestamp":"16:56:45"}
{"level":"error","message":"User already exists","timestamp":"16:56:51"}
{"level":"info","message":"Info message","timestamp":"16:57:33"}
{"level":"warn","message":"Warning message","timestamp":"16:57:33"}
{"level":"debug","message":"Debugging info","timestamp":"16:57:33"}
{"level":"info","message":"App is running on 5000","timestamp":"16:57:33"}
{"level":"info","message":"Info message","timestamp":"16:57:56"}
{"level":"warn","message":"Warning message","timestamp":"16:57:56"}
{"level":"debug","message":"Debugging info","timestamp":"16:57:56"}
{"level":"info","message":"App is running on 5000","timestamp":"16:57:57"}
{"level":"info","message":"Info message","timestamp":"16:58:45"}
{"level":"warn","message":"Warning message","timestamp":"16:58:45"}
{"level":"debug","message":"Debugging info","timestamp":"16:58:45"}
{"level":"info","message":"App is running on 5000","timestamp":"16:58:50"}
{"level":"info","message":"Info message","timestamp":"16:59:42"}
{"level":"warn","message":"Warning message","timestamp":"16:59:42"}
{"level":"debug","message":"Debugging info","timestamp":"16:59:42"}
{"level":"info","message":"App is running on 5000","timestamp":"16:59:48"}
{"level":"info","message":"Info message","timestamp":"17:00:48"}
{"level":"warn","message":"Warning message","timestamp":"17:00:48"}
{"level":"debug","message":"Debugging info","timestamp":"17:00:48"}
{"level":"info","message":"App is running on 5000","timestamp":"17:00:53"}
{"level":"info","message":"Info message","timestamp":"17:01:22"}
{"level":"warn","message":"Warning message","timestamp":"17:01:22"}
{"level":"debug","message":"Debugging info","timestamp":"17:01:22"}
{"level":"info","message":"App is running on 5000","timestamp":"17:01:23"}
{"level":"info","message":"Info message","timestamp":"17:01:48"}
{"level":"warn","message":"Warning message","timestamp":"17:01:48"}
{"level":"debug","message":"Debugging info","timestamp":"17:01:48"}
{"level":"info","message":"App is running on 5000","timestamp":"17:01:49"}
{"level":"info","message":"Info message","timestamp":"17:01:54"}
{"level":"warn","message":"Warning message","timestamp":"17:01:54"}
{"level":"debug","message":"Debugging info","timestamp":"17:01:54"}
{"level":"info","message":"App is running on 5000","timestamp":"17:01:54"}
{"level":"info","message":"Info message","timestamp":"17:02:09"}
{"level":"warn","message":"Warning message","timestamp":"17:02:09"}
{"level":"debug","message":"Debugging info","timestamp":"17:02:09"}
{"level":"info","message":"App is running on 5000","timestamp":"17:02:09"}
{"level":"info","message":"Info message","timestamp":"17:02:34"}
{"level":"warn","message":"Warning message","timestamp":"17:02:34"}
{"level":"debug","message":"Debugging info","timestamp":"17:02:34"}
{"level":"info","message":"App is running on 5000","timestamp":"17:02:34"}
{"level":"info","message":"Info message","timestamp":"17:02:59"}
{"level":"warn","message":"Warning message","timestamp":"17:02:59"}
{"level":"debug","message":"Debugging info","timestamp":"17:02:59"}
{"level":"info","message":"App is running on 5000","timestamp":"17:03:00"}
{"level":"info","message":"Info message","timestamp":"17:03:24"}
{"level":"warn","message":"Warning message","timestamp":"17:03:24"}
{"level":"debug","message":"Debugging info","timestamp":"17:03:24"}
{"level":"info","message":"App is running on 5000","timestamp":"17:03:25"}
{"level":"info","message":"Info message","timestamp":"17:07:17"}
{"level":"warn","message":"Warning message","timestamp":"17:07:17"}
{"level":"debug","message":"Debugging info","timestamp":"17:07:17"}
{"level":"info","message":"App is running on 5000","timestamp":"17:07:22"}
{"level":"info","message":"Info message","timestamp":"17:08:07"}
{"level":"warn","message":"Warning message","timestamp":"17:08:07"}
{"level":"debug","message":"Debugging info","timestamp":"17:08:07"}
{"level":"info","message":"App is running on 5000","timestamp":"17:08:13"}
{"level":"info","message":"Info message","timestamp":"17:08:29"}
{"level":"warn","message":"Warning message","timestamp":"17:08:29"}
{"level":"debug","message":"Debugging info","timestamp":"17:08:29"}
{"level":"info","message":"App is running on 5000","timestamp":"17:08:31"}
{"level":"info","message":"Info message","timestamp":"17:09:27"}
{"level":"warn","message":"Warning message","timestamp":"17:09:27"}
{"level":"debug","message":"Debugging info","timestamp":"17:09:27"}
{"level":"info","message":"App is running on 5000","timestamp":"17:09:29"}
{"level":"info","message":"Info message","timestamp":"17:10:51"}
{"level":"warn","message":"Warning message","timestamp":"17:10:51"}
{"level":"debug","message":"Debugging info","timestamp":"17:10:51"}
{"level":"info","message":"App is running on 5000","timestamp":"17:10:56"}
{"level":"info","message":"Info message","timestamp":"17:11:39"}
{"level":"warn","message":"Warning message","timestamp":"17:11:39"}
{"level":"debug","message":"Debugging info","timestamp":"17:11:39"}
{"level":"info","message":"App is running on 5000","timestamp":"17:11:44"}
{"level":"info","message":"Info message","timestamp":"17:12:20"}
{"level":"warn","message":"Warning message","timestamp":"17:12:20"}
{"level":"debug","message":"Debugging info","timestamp":"17:12:20"}
{"level":"info","message":"App is running on 5000","timestamp":"17:12:22"}
{"level":"info","message":"Info message","timestamp":"17:13:06"}
{"level":"warn","message":"Warning message","timestamp":"17:13:06"}
{"level":"debug","message":"Debugging info","timestamp":"17:13:06"}
{"level":"info","message":"App is running on 5000","timestamp":"17:13:08"}
{"level":"info","message":"Info message","timestamp":"17:13:40"}
{"level":"warn","message":"Warning message","timestamp":"17:13:40"}
{"level":"debug","message":"Debugging info","timestamp":"17:13:40"}
{"level":"info","message":"App is running on 5000","timestamp":"17:13:45"}
{"level":"info","message":"Info message","timestamp":"17:14:49"}
{"level":"warn","message":"Warning message","timestamp":"17:14:49"}
{"level":"debug","message":"Debugging info","timestamp":"17:14:49"}
{"level":"info","message":"App is running on 5000","timestamp":"17:14:53"}
{"level":"info","message":"Info message","timestamp":"17:15:34"}
{"level":"warn","message":"Warning message","timestamp":"17:15:34"}
{"level":"debug","message":"Debugging info","timestamp":"17:15:34"}
{"level":"info","message":"App is running on 5000","timestamp":"17:15:42"}
{"level":"info","message":"Info message","timestamp":"17:16:12"}
{"level":"warn","message":"Warning message","timestamp":"17:16:12"}
{"level":"debug","message":"Debugging info","timestamp":"17:16:12"}
{"level":"info","message":"App is running on 5000","timestamp":"17:16:16"}
{"level":"info","message":"Info message","timestamp":"17:26:21"}
{"level":"warn","message":"Warning message","timestamp":"17:26:21"}
{"level":"debug","message":"Debugging info","timestamp":"17:26:21"}
{"level":"info","message":"App is running on 5000","timestamp":"17:26:25"}
{"level":"info","message":"Info message","timestamp":"17:27:12"}
{"level":"warn","message":"Warning message","timestamp":"17:27:12"}
{"level":"debug","message":"Debugging info","timestamp":"17:27:12"}
{"level":"info","message":"App is running on 5000","timestamp":"17:27:16"}
{"level":"info","message":"Info message","timestamp":"17:29:14"}
{"level":"warn","message":"Warning message","timestamp":"17:29:14"}
{"level":"debug","message":"Debugging info","timestamp":"17:29:14"}
{"level":"info","message":"App is running on 5000","timestamp":"17:29:20"}
{"level":"info","message":"Info message","timestamp":"17:29:25"}
{"level":"warn","message":"Warning message","timestamp":"17:29:25"}
{"level":"debug","message":"Debugging info","timestamp":"17:29:25"}
{"level":"info","message":"App is running on 5000","timestamp":"17:29:29"}
{"level":"info","message":"Info message","timestamp":"17:29:54"}
{"level":"warn","message":"Warning message","timestamp":"17:29:54"}
{"level":"debug","message":"Debugging info","timestamp":"17:29:54"}
{"level":"info","message":"App is running on 5000","timestamp":"17:29:59"}
{"level":"info","message":"Info message","timestamp":"17:30:46"}
{"level":"warn","message":"Warning message","timestamp":"17:30:46"}
{"level":"debug","message":"Debugging info","timestamp":"17:30:46"}
{"level":"info","message":"App is running on 5000","timestamp":"17:30:50"}
{"level":"info","message":"Info message","timestamp":"17:31:06"}
{"level":"warn","message":"Warning message","timestamp":"17:31:06"}
{"level":"debug","message":"Debugging info","timestamp":"17:31:06"}
{"level":"info","message":"App is running on 5000","timestamp":"17:31:07"}
{"level":"info","message":"Info message","timestamp":"17:31:19"}
{"level":"warn","message":"Warning message","timestamp":"17:31:19"}
{"level":"debug","message":"Debugging info","timestamp":"17:31:19"}
{"level":"info","message":"App is running on 5000","timestamp":"17:31:19"}
{"level":"info","message":"Info message","timestamp":"17:33:44"}
{"level":"warn","message":"Warning message","timestamp":"17:33:44"}
{"level":"debug","message":"Debugging info","timestamp":"17:33:44"}
{"level":"info","message":"App is running on 5000","timestamp":"17:33:45"}
{"level":"info","message":"Info message","timestamp":"17:34:22"}
{"level":"warn","message":"Warning message","timestamp":"17:34:22"}
{"level":"debug","message":"Debugging info","timestamp":"17:34:22"}
{"level":"info","message":"App is running on 5000","timestamp":"17:34:23"}
{"level":"info","message":"Info message","timestamp":"17:34:52"}
{"level":"warn","message":"Warning message","timestamp":"17:34:52"}
{"level":"debug","message":"Debugging info","timestamp":"17:34:52"}
{"level":"info","message":"App is running on 5000","timestamp":"17:34:53"}
{"level":"info","message":"Info message","timestamp":"17:35:33"}
{"level":"warn","message":"Warning message","timestamp":"17:35:33"}
{"level":"debug","message":"Debugging info","timestamp":"17:35:33"}
{"level":"info","message":"App is running on 5000","timestamp":"17:35:33"}
{"level":"info","message":"Info message","timestamp":"17:36:32"}
{"level":"warn","message":"Warning message","timestamp":"17:36:32"}
{"level":"debug","message":"Debugging info","timestamp":"17:36:32"}
{"level":"info","message":"App is running on 5000","timestamp":"17:36:33"}
{"level":"info","message":"Info message","timestamp":"17:36:48"}
{"level":"warn","message":"Warning message","timestamp":"17:36:48"}
{"level":"debug","message":"Debugging info","timestamp":"17:36:48"}
{"level":"info","message":"App is running on 5000","timestamp":"17:36:49"}
{"level":"info","message":"Info message","timestamp":"17:37:49"}
{"level":"warn","message":"Warning message","timestamp":"17:37:49"}
{"level":"debug","message":"Debugging info","timestamp":"17:37:49"}
{"level":"info","message":"App is running on 5000","timestamp":"17:37:50"}
{"level":"info","message":"Info message","timestamp":"17:41:52"}
{"level":"warn","message":"Warning message","timestamp":"17:41:52"}
{"level":"debug","message":"Debugging info","timestamp":"17:41:52"}
{"level":"info","message":"App is running on 5000","timestamp":"17:41:53"}
{"level":"info","message":"Info message","timestamp":"17:42:06"}
{"level":"warn","message":"Warning message","timestamp":"17:42:06"}
{"level":"debug","message":"Debugging info","timestamp":"17:42:06"}
{"level":"info","message":"App is running on 5000","timestamp":"17:42:07"}
{"level":"info","message":"Info message","timestamp":"17:42:55"}
{"level":"warn","message":"Warning message","timestamp":"17:42:55"}
{"level":"debug","message":"Debugging info","timestamp":"17:42:55"}
{"level":"info","message":"App is running on 5000","timestamp":"17:42:59"}
{"level":"info","message":"Info message","timestamp":"17:45:56"}
{"level":"warn","message":"Warning message","timestamp":"17:45:56"}
{"level":"debug","message":"Debugging info","timestamp":"17:45:56"}
{"level":"info","message":"App is running on 5000","timestamp":"17:46:01"}
{"level":"info","message":"Info message","timestamp":"17:58:49"}
{"level":"warn","message":"Warning message","timestamp":"17:58:49"}
{"level":"debug","message":"Debugging info","timestamp":"17:58:49"}
{"level":"info","message":"App is running on 5000","timestamp":"17:58:54"}
{"level":"info","message":"Info message","timestamp":"17:59:54"}
{"level":"warn","message":"Warning message","timestamp":"17:59:54"}
{"level":"debug","message":"Debugging info","timestamp":"17:59:54"}
{"level":"info","message":"App is running on 5000","timestamp":"17:59:58"}
{"level":"info","message":"Info message","timestamp":"18:00:52"}
{"level":"warn","message":"Warning message","timestamp":"18:00:52"}
{"level":"debug","message":"Debugging info","timestamp":"18:00:52"}
{"level":"info","message":"App is running on 5000","timestamp":"18:00:56"}
{"level":"info","message":"Info message","timestamp":"18:01:14"}
{"level":"warn","message":"Warning message","timestamp":"18:01:14"}
{"level":"debug","message":"Debugging info","timestamp":"18:01:14"}
{"level":"info","message":"App is running on 5000","timestamp":"18:01:15"}
{"level":"info","message":"Info message","timestamp":"18:04:48"}
{"level":"warn","message":"Warning message","timestamp":"18:04:48"}
{"level":"debug","message":"Debugging info","timestamp":"18:04:48"}
{"level":"info","message":"App is running on 5000","timestamp":"18:04:53"}
{"level":"info","message":"Info message","timestamp":"18:06:25"}
{"level":"warn","message":"Warning message","timestamp":"18:06:25"}
{"level":"debug","message":"Debugging info","timestamp":"18:06:25"}
{"level":"info","message":"App is running on 5000","timestamp":"18:06:29"}
{"level":"info","message":"Info message","timestamp":"18:07:16"}
{"level":"warn","message":"Warning message","timestamp":"18:07:16"}
{"level":"debug","message":"Debugging info","timestamp":"18:07:16"}
{"level":"info","message":"App is running on 5000","timestamp":"18:07:24"}
{"level":"info","message":"Info message","timestamp":"18:11:48"}
{"level":"warn","message":"Warning message","timestamp":"18:11:48"}
{"level":"debug","message":"Debugging info","timestamp":"18:11:48"}
{"level":"info","message":"App is running on 5000","timestamp":"18:11:52"}
{"level":"info","message":"Info message","timestamp":"18:12:10"}
{"level":"warn","message":"Warning message","timestamp":"18:12:10"}
{"level":"debug","message":"Debugging info","timestamp":"18:12:10"}
{"level":"info","message":"App is running on 5000","timestamp":"18:12:12"}
{"level":"info","message":"Info message","timestamp":"18:15:11"}
{"level":"warn","message":"Warning message","timestamp":"18:15:11"}
{"level":"debug","message":"Debugging info","timestamp":"18:15:11"}
{"level":"info","message":"App is running on 5000","timestamp":"18:15:15"}
{"level":"info","message":"Info message","timestamp":"18:16:15"}
{"level":"warn","message":"Warning message","timestamp":"18:16:15"}
{"level":"debug","message":"Debugging info","timestamp":"18:16:15"}
{"level":"info","message":"App is running on 5000","timestamp":"18:16:19"}
{"level":"info","message":"Info message","timestamp":"18:20:00"}
{"level":"warn","message":"Warning message","timestamp":"18:20:00"}
{"level":"debug","message":"Debugging info","timestamp":"18:20:00"}
{"level":"info","message":"App is running on 5000","timestamp":"18:20:00"}
{"level":"info","message":"Info message","timestamp":"18:20:36"}
{"level":"warn","message":"Warning message","timestamp":"18:20:36"}
{"level":"debug","message":"Debugging info","timestamp":"18:20:36"}
{"level":"info","message":"App is running on 5000","timestamp":"18:20:37"}
{"level":"info","message":"Info message","timestamp":"18:21:47"}
{"level":"warn","message":"Warning message","timestamp":"18:21:47"}
{"level":"debug","message":"Debugging info","timestamp":"18:21:47"}
{"level":"info","message":"App is running on 5000","timestamp":"18:21:52"}
{"level":"info","message":"Info message","timestamp":"18:26:27"}
{"level":"warn","message":"Warning message","timestamp":"18:26:27"}
{"level":"debug","message":"Debugging info","timestamp":"18:26:27"}
{"level":"info","message":"App is running on 5000","timestamp":"18:26:38"}
{"level":"info","message":"Info message","timestamp":"18:32:13"}
{"level":"warn","message":"Warning message","timestamp":"18:32:13"}
{"level":"debug","message":"Debugging info","timestamp":"18:32:13"}
{"level":"info","message":"App is running on 5000","timestamp":"18:32:18"}
{"level":"info","message":"Info message","timestamp":"18:36:50"}
{"level":"warn","message":"Warning message","timestamp":"18:36:50"}
{"level":"debug","message":"Debugging info","timestamp":"18:36:50"}
{"level":"info","message":"App is running on 5000","timestamp":"18:36:55"}
{"level":"info","message":"Info message","timestamp":"18:39:16"}
{"level":"warn","message":"Warning message","timestamp":"18:39:16"}
{"level":"debug","message":"Debugging info","timestamp":"18:39:16"}
{"level":"info","message":"App is running on 5000","timestamp":"18:39:22"}
{"level":"info","message":"Info message","timestamp":"18:49:29"}
{"level":"warn","message":"Warning message","timestamp":"18:49:29"}
{"level":"debug","message":"Debugging info","timestamp":"18:49:29"}
{"level":"info","message":"App is running on 5000","timestamp":"18:49:34"}
{"level":"info","message":"Info message","timestamp":"18:50:32"}
{"level":"warn","message":"Warning message","timestamp":"18:50:32"}
{"level":"debug","message":"Debugging info","timestamp":"18:50:32"}
{"level":"info","message":"App is running on 5000","timestamp":"18:50:39"}
{"level":"info","message":"Info message","timestamp":"18:50:52"}
{"level":"warn","message":"Warning message","timestamp":"18:50:52"}
{"level":"debug","message":"Debugging info","timestamp":"18:50:52"}
{"level":"info","message":"App is running on 5000","timestamp":"18:50:59"}
{"level":"info","message":"Info message","timestamp":"18:51:19"}
{"level":"warn","message":"Warning message","timestamp":"18:51:19"}
{"level":"debug","message":"Debugging info","timestamp":"18:51:19"}
{"level":"info","message":"App is running on 5000","timestamp":"18:51:24"}
{"level":"info","message":"Info message","timestamp":"19:28:52"}
{"level":"warn","message":"Warning message","timestamp":"19:28:52"}
{"level":"debug","message":"Debugging info","timestamp":"19:28:52"}
{"level":"info","message":"App is running on 5000","timestamp":"19:28:58"}
{"level":"info","message":"Info message","timestamp":"19:32:45"}
{"level":"warn","message":"Warning message","timestamp":"19:32:45"}
{"level":"debug","message":"Debugging info","timestamp":"19:32:45"}
{"level":"info","message":"App is running on 5000","timestamp":"19:32:51"}
{"level":"info","message":"Info message","timestamp":"19:32:57"}
{"level":"warn","message":"Warning message","timestamp":"19:32:57"}
{"level":"debug","message":"Debugging info","timestamp":"19:32:57"}
{"level":"info","message":"App is running on 5000","timestamp":"19:32:59"}
{"level":"info","message":"Info message","timestamp":"20:26:57"}
{"level":"warn","message":"Warning message","timestamp":"20:26:57"}
{"level":"debug","message":"Debugging info","timestamp":"20:26:57"}
{"level":"info","message":"App is running on 5000","timestamp":"20:27:03"}
{"level":"info","message":"Info message","timestamp":"20:28:45"}
{"level":"warn","message":"Warning message","timestamp":"20:28:45"}
{"level":"debug","message":"Debugging info","timestamp":"20:28:45"}
{"level":"info","message":"App is running on 5000","timestamp":"20:28:51"}
{"level":"info","message":"Info message","timestamp":"20:29:33"}
{"level":"warn","message":"Warning message","timestamp":"20:29:33"}
{"level":"debug","message":"Debugging info","timestamp":"20:29:33"}
{"level":"info","message":"App is running on 5000","timestamp":"20:29:45"}
{"level":"info","message":"Info message","timestamp":"20:30:04"}
{"level":"warn","message":"Warning message","timestamp":"20:30:04"}
{"level":"debug","message":"Debugging info","timestamp":"20:30:04"}
{"level":"info","message":"App is running on 5000","timestamp":"20:30:09"}
{"level":"info","message":"Info message","timestamp":"20:31:25"}
{"level":"warn","message":"Warning message","timestamp":"20:31:25"}
{"level":"debug","message":"Debugging info","timestamp":"20:31:25"}
{"level":"info","message":"App is running on 5000","timestamp":"20:31:29"}
{"level":"info","message":"Info message","timestamp":"20:32:32"}
{"level":"warn","message":"Warning message","timestamp":"20:32:32"}
{"level":"debug","message":"Debugging info","timestamp":"20:32:32"}
{"level":"info","message":"App is running on 5000","timestamp":"20:32:38"}
{"level":"info","message":"Info message","timestamp":"20:32:41"}
{"level":"warn","message":"Warning message","timestamp":"20:32:41"}
{"level":"debug","message":"Debugging info","timestamp":"20:32:41"}
{"level":"info","message":"App is running on 5000","timestamp":"20:32:50"}
{"level":"info","message":"Info message","timestamp":"20:34:07"}
{"level":"warn","message":"Warning message","timestamp":"20:34:07"}
{"level":"debug","message":"Debugging info","timestamp":"20:34:07"}
{"level":"info","message":"App is running on 5000","timestamp":"20:34:09"}
{"level":"info","message":"Info message","timestamp":"20:34:53"}
{"level":"warn","message":"Warning message","timestamp":"20:34:53"}
{"level":"debug","message":"Debugging info","timestamp":"20:34:53"}
{"level":"info","message":"App is running on 5000","timestamp":"20:35:00"}
{"level":"info","message":"Info message","timestamp":"20:35:56"}
{"level":"warn","message":"Warning message","timestamp":"20:35:56"}
{"level":"debug","message":"Debugging info","timestamp":"20:35:56"}
{"level":"info","message":"App is running on 5000","timestamp":"20:36:01"}
{"level":"info","message":"Info message","timestamp":"20:36:07"}
{"level":"warn","message":"Warning message","timestamp":"20:36:07"}
{"level":"debug","message":"Debugging info","timestamp":"20:36:07"}
{"level":"info","message":"App is running on 5000","timestamp":"20:36:12"}
{"level":"info","message":"Info message","timestamp":"20:36:37"}
{"level":"warn","message":"Warning message","timestamp":"20:36:37"}
{"level":"debug","message":"Debugging info","timestamp":"20:36:37"}
{"level":"info","message":"App is running on 5000","timestamp":"20:36:43"}
{"level":"info","message":"Info message","timestamp":"20:37:21"}
{"level":"warn","message":"Warning message","timestamp":"20:37:21"}
{"level":"debug","message":"Debugging info","timestamp":"20:37:21"}
{"level":"info","message":"App is running on 5000","timestamp":"20:37:26"}
{"level":"info","message":"Info message","timestamp":"20:38:11"}
{"level":"warn","message":"Warning message","timestamp":"20:38:11"}
{"level":"debug","message":"Debugging info","timestamp":"20:38:11"}
{"level":"info","message":"App is running on 5000","timestamp":"20:38:16"}
{"level":"info","message":"Info message","timestamp":"20:39:48"}
{"level":"warn","message":"Warning message","timestamp":"20:39:48"}
{"level":"debug","message":"Debugging info","timestamp":"20:39:48"}
{"level":"info","message":"App is running on 5000","timestamp":"20:39:53"}
{"level":"info","message":"Info message","timestamp":"20:40:18"}
{"level":"warn","message":"Warning message","timestamp":"20:40:18"}
{"level":"debug","message":"Debugging info","timestamp":"20:40:18"}
{"level":"info","message":"App is running on 5000","timestamp":"20:40:20"}
{"level":"info","message":"Info message","timestamp":"20:40:58"}
{"level":"warn","message":"Warning message","timestamp":"20:40:58"}
{"level":"debug","message":"Debugging info","timestamp":"20:40:58"}
{"level":"info","message":"App is running on 5000","timestamp":"20:41:03"}
{"level":"info","message":"Info message","timestamp":"20:43:28"}
{"level":"warn","message":"Warning message","timestamp":"20:43:28"}
{"level":"debug","message":"Debugging info","timestamp":"20:43:28"}
{"level":"info","message":"App is running on 5000","timestamp":"20:43:35"}
{"level":"info","message":"Info message","timestamp":"20:45:22"}
{"level":"warn","message":"Warning message","timestamp":"20:45:22"}
{"level":"debug","message":"Debugging info","timestamp":"20:45:22"}
{"level":"info","message":"App is running on 5000","timestamp":"20:45:27"}
{"level":"info","message":"Info message","timestamp":"20:49:21"}
{"level":"warn","message":"Warning message","timestamp":"20:49:21"}
{"level":"debug","message":"Debugging info","timestamp":"20:49:21"}
{"level":"info","message":"App is running on 5000","timestamp":"20:49:27"}
{"level":"info","message":"Info message","timestamp":"20:52:14"}
{"level":"warn","message":"Warning message","timestamp":"20:52:14"}
{"level":"debug","message":"Debugging info","timestamp":"20:52:14"}
{"level":"info","message":"App is running on 5000","timestamp":"20:52:19"}
{"level":"info","message":"Info message","timestamp":"21:00:21"}
{"level":"warn","message":"Warning message","timestamp":"21:00:21"}
{"level":"debug","message":"Debugging info","timestamp":"21:00:21"}
{"level":"info","message":"App is running on 5000","timestamp":"21:00:27"}
{"level":"info","message":"Info message","timestamp":"21:00:38"}
{"level":"warn","message":"Warning message","timestamp":"21:00:38"}
{"level":"debug","message":"Debugging info","timestamp":"21:00:38"}
{"level":"info","message":"App is running on 5000","timestamp":"21:00:39"}
{"level":"info","message":"Info message","timestamp":"21:01:50"}
{"level":"warn","message":"Warning message","timestamp":"21:01:50"}
{"level":"debug","message":"Debugging info","timestamp":"21:01:50"}
{"level":"info","message":"App is running on 5000","timestamp":"21:01:58"}
{"level":"info","message":"Info message","timestamp":"21:02:30"}
{"level":"warn","message":"Warning message","timestamp":"21:02:30"}
{"level":"debug","message":"Debugging info","timestamp":"21:02:30"}
{"level":"info","message":"App is running on 5000","timestamp":"21:02:39"}
{"level":"info","message":"Info message","timestamp":"21:03:20"}
{"level":"warn","message":"Warning message","timestamp":"21:03:20"}
{"level":"debug","message":"Debugging info","timestamp":"21:03:20"}
{"level":"info","message":"App is running on 5000","timestamp":"21:03:25"}
{"level":"info","message":"Info message","timestamp":"21:03:39"}
{"level":"warn","message":"Warning message","timestamp":"21:03:39"}
{"level":"debug","message":"Debugging info","timestamp":"21:03:39"}
{"level":"info","message":"App is running on 5000","timestamp":"21:03:40"}
{"level":"info","message":"Info message","timestamp":"21:04:32"}
{"level":"warn","message":"Warning message","timestamp":"21:04:32"}
{"level":"debug","message":"Debugging info","timestamp":"21:04:32"}
{"level":"info","message":"App is running on 5000","timestamp":"21:04:39"}
{"level":"info","message":"Info message","timestamp":"21:04:56"}
{"level":"warn","message":"Warning message","timestamp":"21:04:56"}
{"level":"debug","message":"Debugging info","timestamp":"21:04:56"}
{"level":"info","message":"App is running on 5000","timestamp":"21:05:00"}
{"level":"info","message":"Info message","timestamp":"21:05:49"}
{"level":"warn","message":"Warning message","timestamp":"21:05:49"}
{"level":"debug","message":"Debugging info","timestamp":"21:05:49"}
{"level":"info","message":"App is running on 5000","timestamp":"21:05:53"}
{"level":"info","message":"Info message","timestamp":"21:06:08"}
{"level":"warn","message":"Warning message","timestamp":"21:06:08"}
{"level":"debug","message":"Debugging info","timestamp":"21:06:08"}
{"level":"info","message":"App is running on 5000","timestamp":"21:06:15"}
{"level":"info","message":"Info message","timestamp":"21:06:27"}
{"level":"warn","message":"Warning message","timestamp":"21:06:27"}
{"level":"debug","message":"Debugging info","timestamp":"21:06:27"}
{"level":"info","message":"App is running on 5000","timestamp":"21:06:34"}
{"level":"info","message":"Info message","timestamp":"21:06:47"}
{"level":"warn","message":"Warning message","timestamp":"21:06:47"}
{"level":"debug","message":"Debugging info","timestamp":"21:06:47"}
{"level":"info","message":"App is running on 5000","timestamp":"21:06:49"}
{"level":"info","message":"Info message","timestamp":"21:07:44"}
{"level":"warn","message":"Warning message","timestamp":"21:07:44"}
{"level":"debug","message":"Debugging info","timestamp":"21:07:44"}
{"level":"info","message":"App is running on 5000","timestamp":"21:07:49"}
{"level":"info","message":"Info message","timestamp":"21:08:30"}
{"level":"warn","message":"Warning message","timestamp":"21:08:30"}
{"level":"debug","message":"Debugging info","timestamp":"21:08:30"}
{"level":"info","message":"App is running on 5000","timestamp":"21:08:36"}
{"level":"info","message":"Info message","timestamp":"21:08:53"}
{"level":"warn","message":"Warning message","timestamp":"21:08:53"}
{"level":"debug","message":"Debugging info","timestamp":"21:08:53"}
{"level":"info","message":"App is running on 5000","timestamp":"21:08:58"}
{"level":"info","message":"Info message","timestamp":"21:09:23"}
{"level":"warn","message":"Warning message","timestamp":"21:09:23"}
{"level":"debug","message":"Debugging info","timestamp":"21:09:23"}
{"level":"info","message":"App is running on 5000","timestamp":"21:09:30"}
{"level":"info","message":"Info message","timestamp":"21:10:21"}
{"level":"warn","message":"Warning message","timestamp":"21:10:21"}
{"level":"debug","message":"Debugging info","timestamp":"21:10:21"}
{"level":"info","message":"App is running on 5000","timestamp":"21:10:26"}
{"level":"info","message":"Info message","timestamp":"21:11:24"}
{"level":"warn","message":"Warning message","timestamp":"21:11:24"}
{"level":"debug","message":"Debugging info","timestamp":"21:11:24"}
{"level":"info","message":"App is running on 5000","timestamp":"21:11:31"}
{"level":"info","message":"Info message","timestamp":"21:11:35"}
{"level":"warn","message":"Warning message","timestamp":"21:11:35"}
{"level":"debug","message":"Debugging info","timestamp":"21:11:35"}
{"level":"info","message":"App is running on 5000","timestamp":"21:11:38"}
{"level":"info","message":"Info message","timestamp":"21:12:07"}
{"level":"warn","message":"Warning message","timestamp":"21:12:07"}
{"level":"debug","message":"Debugging info","timestamp":"21:12:07"}
{"level":"info","message":"App is running on 5000","timestamp":"21:12:14"}
{"level":"info","message":"Info message","timestamp":"21:12:24"}
{"level":"warn","message":"Warning message","timestamp":"21:12:24"}
{"level":"debug","message":"Debugging info","timestamp":"21:12:24"}
{"level":"info","message":"App is running on 5000","timestamp":"21:12:31"}
{"level":"info","message":"Info message","timestamp":"21:13:14"}
{"level":"warn","message":"Warning message","timestamp":"21:13:14"}
{"level":"debug","message":"Debugging info","timestamp":"21:13:14"}
{"level":"info","message":"App is running on 5000","timestamp":"21:13:18"}
{"level":"info","message":"Info message","timestamp":"21:13:56"}
{"level":"warn","message":"Warning message","timestamp":"21:13:56"}
{"level":"debug","message":"Debugging info","timestamp":"21:13:56"}
{"level":"info","message":"App is running on 5000","timestamp":"21:14:00"}
{"level":"info","message":"Info message","timestamp":"21:15:45"}
{"level":"warn","message":"Warning message","timestamp":"21:15:45"}
{"level":"debug","message":"Debugging info","timestamp":"21:15:45"}
{"level":"info","message":"App is running on 5000","timestamp":"21:15:55"}
{"level":"info","message":"Info message","timestamp":"21:17:34"}
{"level":"warn","message":"Warning message","timestamp":"21:17:34"}
{"level":"debug","message":"Debugging info","timestamp":"21:17:34"}
{"level":"info","message":"App is running on 5000","timestamp":"21:17:40"}
{"level":"info","message":"Info message","timestamp":"21:18:01"}
{"level":"warn","message":"Warning message","timestamp":"21:18:01"}
{"level":"debug","message":"Debugging info","timestamp":"21:18:01"}
{"level":"info","message":"App is running on 5000","timestamp":"21:18:06"}
{"level":"info","message":"Info message","timestamp":"21:19:43"}
{"level":"warn","message":"Warning message","timestamp":"21:19:43"}
{"level":"debug","message":"Debugging info","timestamp":"21:19:43"}
{"level":"info","message":"App is running on 5000","timestamp":"21:19:51"}
{"level":"info","message":"Info message","timestamp":"21:21:08"}
{"level":"warn","message":"Warning message","timestamp":"21:21:08"}
{"level":"debug","message":"Debugging info","timestamp":"21:21:08"}
{"level":"info","message":"App is running on 5000","timestamp":"21:21:17"}
{"level":"info","message":"Info message","timestamp":"21:23:31"}
{"level":"warn","message":"Warning message","timestamp":"21:23:31"}
{"level":"debug","message":"Debugging info","timestamp":"21:23:31"}
{"level":"info","message":"App is running on 5000","timestamp":"21:23:36"}
{"level":"info","message":"Info message","timestamp":"21:23:44"}
{"level":"warn","message":"Warning message","timestamp":"21:23:44"}
{"level":"debug","message":"Debugging info","timestamp":"21:23:44"}
{"level":"info","message":"App is running on 5000","timestamp":"21:23:47"}
{"level":"info","message":"Info message","timestamp":"21:23:59"}
{"level":"warn","message":"Warning message","timestamp":"21:23:59"}
{"level":"debug","message":"Debugging info","timestamp":"21:23:59"}
{"level":"info","message":"App is running on 5000","timestamp":"21:24:00"}
{"level":"info","message":"Info message","timestamp":"21:24:12"}
{"level":"warn","message":"Warning message","timestamp":"21:24:12"}
{"level":"debug","message":"Debugging info","timestamp":"21:24:12"}
{"level":"info","message":"App is running on 5000","timestamp":"21:24:13"}
{"level":"info","message":"Info message","timestamp":"21:25:16"}
{"level":"warn","message":"Warning message","timestamp":"21:25:16"}
{"level":"debug","message":"Debugging info","timestamp":"21:25:16"}
{"level":"info","message":"App is running on 5000","timestamp":"21:25:22"}
{"level":"info","message":"Info message","timestamp":"21:26:25"}
{"level":"warn","message":"Warning message","timestamp":"21:26:25"}
{"level":"debug","message":"Debugging info","timestamp":"21:26:25"}
{"level":"info","message":"App is running on 5000","timestamp":"21:26:33"}
{"level":"info","message":"Info message","timestamp":"21:27:13"}
{"level":"warn","message":"Warning message","timestamp":"21:27:13"}
{"level":"debug","message":"Debugging info","timestamp":"21:27:13"}
{"level":"info","message":"App is running on 5000","timestamp":"21:27:21"}
{"level":"info","message":"Info message","timestamp":"21:28:11"}
{"level":"warn","message":"Warning message","timestamp":"21:28:11"}
{"level":"debug","message":"Debugging info","timestamp":"21:28:11"}
{"level":"info","message":"App is running on 5000","timestamp":"21:28:17"}
{"level":"info","message":"Info message","timestamp":"21:35:05"}
{"level":"warn","message":"Warning message","timestamp":"21:35:05"}
{"level":"debug","message":"Debugging info","timestamp":"21:35:05"}
{"level":"info","message":"App is running on 5000","timestamp":"21:35:06"}
{"level":"info","message":"Info message","timestamp":"21:36:12"}
{"level":"warn","message":"Warning message","timestamp":"21:36:12"}
{"level":"debug","message":"Debugging info","timestamp":"21:36:12"}
{"level":"info","message":"App is running on 5000","timestamp":"21:36:19"}
{"level":"info","message":"Info message","timestamp":"21:37:28"}
{"level":"warn","message":"Warning message","timestamp":"21:37:28"}
{"level":"debug","message":"Debugging info","timestamp":"21:37:28"}
{"level":"info","message":"App is running on 5000","timestamp":"21:37:35"}
{"level":"info","message":"Info message","timestamp":"21:39:48"}
{"level":"warn","message":"Warning message","timestamp":"21:39:48"}
{"level":"debug","message":"Debugging info","timestamp":"21:39:48"}
{"level":"info","message":"App is running on 5000","timestamp":"21:39:58"}
{"level":"info","message":"Info message","timestamp":"21:42:41"}
{"level":"warn","message":"Warning message","timestamp":"21:42:41"}
{"level":"debug","message":"Debugging info","timestamp":"21:42:41"}
{"level":"info","message":"App is running on 5000","timestamp":"21:42:51"}
{"level":"info","message":"Info message","timestamp":"21:44:59"}
{"level":"warn","message":"Warning message","timestamp":"21:44:59"}
{"level":"debug","message":"Debugging info","timestamp":"21:44:59"}
{"level":"info","message":"App is running on 5000","timestamp":"21:45:04"}
{"level":"info","message":"Info message","timestamp":"21:47:08"}
{"level":"warn","message":"Warning message","timestamp":"21:47:08"}
{"level":"debug","message":"Debugging info","timestamp":"21:47:08"}
{"level":"info","message":"App is running on 5000","timestamp":"21:47:15"}
{"level":"info","message":"Info message","timestamp":"21:47:18"}
{"level":"warn","message":"Warning message","timestamp":"21:47:18"}
{"level":"debug","message":"Debugging info","timestamp":"21:47:18"}
{"level":"info","message":"App is running on 5000","timestamp":"21:47:20"}
{"level":"info","message":"Info message","timestamp":"21:48:34"}
{"level":"warn","message":"Warning message","timestamp":"21:48:34"}
{"level":"debug","message":"Debugging info","timestamp":"21:48:34"}
{"level":"info","message":"App is running on 5000","timestamp":"21:48:35"}
